<?xml version="1.0" encoding="UTF-8"?>
<!-- Generated by org.testng.reporters.JUnitXMLReporter -->
<testsuite ignored="0" hostname="DESKTOP-JT28CA7" failures="1" tests="1" name="ChromeTest" time="20.946" errors="0" timestamp="2024-09-03T06:43:51 IST">
  <testcase classname="testNG.CrossBrowserDemo" name="googleTitle" time="0.02">
    <failure type="java.lang.AssertionError" message="expected [google] but found [Google]">
      <![CDATA[java.lang.AssertionError: expected [google] but found [Google]
at testNG.CrossBrowserDemo.googleTitle(CrossBrowserDemo.java:51)
at java.base/java.util.ArrayList.forEach(ArrayList.java:1511)
... Removed 33 stack frames]]>
    </failure>
  </testcase> <!-- googleTitle -->
</testsuite> <!-- ChromeTest -->
